Running: TQ+LQ
2008-12-17 00:00:00
Synoptic source built: Nt=148, Nlat=360, scale=1.000, mean|B|=29.100 G
2008-12-17 00:00:00
Synoptic source built: Nt=148, Nlat=181, scale=0.950, mean|B|=27.713 G
Loaded 147 WSO files, total time slices: 10658, total points: 1289618
Warning: 1000 points required, but 1024 points sampled.
Compiling model...
Building feed-forward neural network...
'build' took 0.109626 s

'compile' took 0.544157 s

Training model...

Step      Train loss                        Test loss                         Test metric
0         [1.08e+05, 1.13e+00, 1.77e+06]    [1.08e+05, 1.13e+00, 1.77e+06]    []  
1000      [2.09e+02, 6.30e+01, 1.75e+06]    [2.09e+02, 6.30e+01, 1.75e+06]    []  
2000      [1.97e+02, 2.38e+01, 1.74e+06]    [1.97e+02, 2.38e+01, 1.74e+06]    []  
3000      [2.26e+03, 1.48e+01, 1.74e+06]    [2.26e+03, 1.48e+01, 1.74e+06]    []  
4000      [5.40e+01, 8.09e+00, 1.73e+06]    [5.40e+01, 8.09e+00, 1.73e+06]    []  
5000      [7.75e+01, 5.70e+00, 1.73e+06]    [7.75e+01, 5.70e+00, 1.73e+06]    []  
6000      [3.84e+01, 3.31e+00, 1.73e+06]    [3.84e+01, 3.31e+00, 1.73e+06]    []  
7000      [6.25e+01, 3.84e+00, 1.73e+06]    [6.25e+01, 3.84e+00, 1.73e+06]    []  
8000      [3.10e+02, 1.34e+01, 1.73e+06]    [3.10e+02, 1.34e+01, 1.73e+06]    []  
9000      [2.00e+02, 3.59e+00, 1.73e+06]    [2.00e+02, 3.59e+00, 1.73e+06]    []  
10000     [5.80e+01, 3.71e+00, 1.73e+06]    [5.80e+01, 3.71e+00, 1.73e+06]    []  
11000     [3.18e+01, 3.32e+00, 1.73e+06]    [3.18e+01, 3.32e+00, 1.73e+06]    []  
12000     [1.40e+02, 2.03e+00, 1.73e+06]    [1.40e+02, 2.03e+00, 1.73e+06]    []  
13000     [5.32e+01, 1.30e+00, 1.73e+06]    [5.32e+01, 1.30e+00, 1.73e+06]    []  
14000     [3.32e+01, 1.14e+00, 1.73e+06]    [3.32e+01, 1.14e+00, 1.73e+06]    []  
15000     [2.04e+01, 1.12e+00, 1.73e+06]    [2.04e+01, 1.12e+00, 1.73e+06]    []  
16000     [8.85e+02, 6.33e+00, 1.73e+06]    [8.85e+02, 6.33e+00, 1.73e+06]    []  
17000     [1.68e+01, 1.64e+00, 1.73e+06]    [1.68e+01, 1.64e+00, 1.73e+06]    []  
18000     [5.91e+01, 7.12e-01, 1.73e+06]    [5.91e+01, 7.12e-01, 1.73e+06]    []  
19000     [5.68e+01, 6.46e-01, 1.73e+06]    [5.68e+01, 6.46e-01, 1.73e+06]    []  
20000     [1.17e+02, 6.38e-01, 1.73e+06]    [1.17e+02, 6.38e-01, 1.73e+06]    []  
21000     [7.71e+01, 3.45e-01, 1.73e+06]    [7.71e+01, 3.45e-01, 1.73e+06]    []  
22000     [6.17e+01, 4.20e-01, 1.73e+06]    [6.17e+01, 4.20e-01, 1.73e+06]    []  
23000     [4.48e+01, 3.90e-01, 1.73e+06]    [4.48e+01, 3.90e-01, 1.73e+06]    []  
24000     [4.09e+01, 3.63e-01, 1.73e+06]    [4.09e+01, 3.63e-01, 1.73e+06]    []  
25000     [6.30e+01, 8.68e-01, 1.73e+06]    [6.30e+01, 8.68e-01, 1.73e+06]    []  
26000     [3.49e+01, 5.30e-01, 1.73e+06]    [3.49e+01, 5.30e-01, 1.73e+06]    []  
27000     [7.81e+01, 4.05e+01, 1.73e+06]    [7.81e+01, 4.05e+01, 1.73e+06]    []  
28000     [9.00e+01, 1.04e+01, 1.73e+06]    [9.00e+01, 1.04e+01, 1.73e+06]    []  
29000     [4.59e+01, 4.62e+00, 1.73e+06]    [4.59e+01, 4.62e+00, 1.73e+06]    []  
30000     [1.50e+02, 1.14e+01, 1.73e+06]    [1.50e+02, 1.14e+01, 1.73e+06]    []  
31000     [4.08e+01, 4.49e+00, 1.73e+06]    [4.08e+01, 4.49e+00, 1.73e+06]    []  
32000     [5.47e+01, 2.85e+00, 1.73e+06]    [5.47e+01, 2.85e+00, 1.73e+06]    []  
33000     [4.54e+01, 2.23e+00, 1.73e+06]    [4.54e+01, 2.23e+00, 1.73e+06]    []  
34000     [6.45e+01, 2.41e+00, 1.73e+06]    [6.45e+01, 2.41e+00, 1.73e+06]    []  
35000     [5.84e+01, 1.44e+00, 1.73e+06]    [5.84e+01, 1.44e+00, 1.73e+06]    []  
36000     [5.83e+01, 1.02e+00, 1.73e+06]    [5.83e+01, 1.02e+00, 1.73e+06]    []  
37000     [6.49e+01, 1.11e+00, 1.73e+06]    [6.49e+01, 1.11e+00, 1.73e+06]    []  
38000     [5.28e+01, 1.51e+00, 1.73e+06]    [5.28e+01, 1.51e+00, 1.73e+06]    []  
39000     [4.22e+01, 4.20e-01, 1.73e+06]    [4.22e+01, 4.20e-01, 1.73e+06]    []  
40000     [4.53e+01, 4.34e-01, 1.73e+06]    [4.53e+01, 4.34e-01, 1.73e+06]    []  
41000     [1.09e+03, 7.63e+01, 1.74e+06]    [1.09e+03, 7.63e+01, 1.74e+06]    []  
42000     [3.90e+01, 3.83e+00, 1.73e+06]    [3.90e+01, 3.83e+00, 1.73e+06]    []  
43000     [4.55e+01, 1.58e+00, 1.73e+06]    [4.55e+01, 1.58e+00, 1.73e+06]    []  
44000     [3.94e+01, 9.36e-01, 1.73e+06]    [3.94e+01, 9.36e-01, 1.73e+06]    []  
45000     [4.90e+01, 6.76e-01, 1.73e+06]    [4.90e+01, 6.76e-01, 1.73e+06]    []  
46000     [4.79e+01, 1.59e+00, 1.73e+06]    [4.79e+01, 1.59e+00, 1.73e+06]    []  
47000     [5.51e+01, 2.78e-01, 1.73e+06]    [5.51e+01, 2.78e-01, 1.73e+06]    []  
48000     [4.33e+01, 2.28e-01, 1.73e+06]    [4.33e+01, 2.28e-01, 1.73e+06]    []  
49000     [4.11e+01, 2.01e-01, 1.73e+06]    [4.11e+01, 2.01e-01, 1.73e+06]    []  
50000     [4.69e+01, 6.52e-01, 1.73e+06]    [4.69e+01, 6.52e-01, 1.73e+06]    []  
51000     [4.15e+01, 2.49e-01, 1.73e+06]    [4.15e+01, 2.49e-01, 1.73e+06]    []  
52000     [4.12e+01, 1.91e-01, 1.73e+06]    [4.12e+01, 1.91e-01, 1.73e+06]    []  
53000     [3.84e+01, 1.31e-01, 1.73e+06]    [3.84e+01, 1.31e-01, 1.73e+06]    []  
54000     [4.08e+01, 1.35e-01, 1.73e+06]    [4.08e+01, 1.35e-01, 1.73e+06]    []  
55000     [9.14e+01, 2.56e+00, 1.73e+06]    [9.14e+01, 2.56e+00, 1.73e+06]    []  
56000     [3.64e+01, 6.51e-01, 1.73e+06]    [3.64e+01, 6.51e-01, 1.73e+06]    []  
57000     [7.69e+01, 2.01e+00, 1.73e+06]    [7.69e+01, 2.01e+00, 1.73e+06]    []  
58000     [3.74e+01, 1.31e+00, 1.73e+06]    [3.74e+01, 1.31e+00, 1.73e+06]    []  
59000     [4.17e+01, 3.25e-01, 1.73e+06]    [4.17e+01, 3.25e-01, 1.73e+06]    []  
60000     [3.89e+01, 2.31e-01, 1.73e+06]    [3.89e+01, 2.31e-01, 1.73e+06]    []  
61000     [3.15e+01, 2.08e-01, 1.73e+06]    [3.15e+01, 2.08e-01, 1.73e+06]    []  
62000     [4.13e+01, 6.64e-01, 1.73e+06]    [4.13e+01, 6.64e-01, 1.73e+06]    []  
63000     [3.76e+01, 2.16e-01, 1.73e+06]    [3.76e+01, 2.16e-01, 1.73e+06]    []  
64000     [8.99e+01, 1.40e-01, 1.73e+06]    [8.99e+01, 1.40e-01, 1.73e+06]    []  
65000     [4.89e+01, 9.07e-01, 1.73e+06]    [4.89e+01, 9.07e-01, 1.73e+06]    []  
66000     [4.15e+01, 1.81e-01, 1.73e+06]    [4.15e+01, 1.81e-01, 1.73e+06]    []  
67000     [5.87e+01, 5.34e-01, 1.73e+06]    [5.87e+01, 5.34e-01, 1.73e+06]    []  
68000     [3.88e+01, 7.95e-02, 1.73e+06]    [3.88e+01, 7.95e-02, 1.73e+06]    []  
69000     [4.03e+01, 7.24e-02, 1.73e+06]    [4.03e+01, 7.24e-02, 1.73e+06]    []  
70000     [4.02e+01, 5.96e-02, 1.73e+06]    [4.02e+01, 5.96e-02, 1.73e+06]    []  
71000     [6.48e+01, 2.72e+00, 1.73e+06]    [6.48e+01, 2.72e+00, 1.73e+06]    []  
72000     [2.89e+01, 3.22e+00, 1.73e+06]    [2.89e+01, 3.22e+00, 1.73e+06]    []  
73000     [6.26e+01, 1.08e+00, 1.73e+06]    [6.26e+01, 1.08e+00, 1.73e+06]    []  
74000     [4.27e+01, 1.04e+00, 1.73e+06]    [4.27e+01, 1.04e+00, 1.73e+06]    []  
75000     [4.18e+01, 7.12e-01, 1.73e+06]    [4.18e+01, 7.12e-01, 1.73e+06]    []  
76000     [8.50e+01, 1.27e+01, 1.73e+06]    [8.50e+01, 1.27e+01, 1.73e+06]    []  
77000     [2.61e+01, 1.58e+00, 1.73e+06]    [2.61e+01, 1.58e+00, 1.73e+06]    []  
78000     [6.62e+01, 9.84e-01, 1.73e+06]    [6.62e+01, 9.84e-01, 1.73e+06]    []  
79000     [5.31e+01, 6.42e-01, 1.73e+06]    [5.31e+01, 6.42e-01, 1.73e+06]    []  
80000     [6.83e+01, 1.29e+00, 1.73e+06]    [6.83e+01, 1.29e+00, 1.73e+06]    []  
81000     [5.84e+01, 3.19e-01, 1.73e+06]    [5.84e+01, 3.19e-01, 1.73e+06]    []  
82000     [1.10e+02, 5.66e+00, 1.73e+06]    [1.10e+02, 5.66e+00, 1.73e+06]    []  
83000     [5.32e+01, 1.12e+00, 1.73e+06]    [5.32e+01, 1.12e+00, 1.73e+06]    []  
84000     [4.10e+01, 5.42e-01, 1.73e+06]    [4.10e+01, 5.42e-01, 1.73e+06]    []  
85000     [4.70e+01, 2.80e-01, 1.73e+06]    [4.70e+01, 2.80e-01, 1.73e+06]    []  
86000     [4.13e+01, 1.97e-01, 1.73e+06]    [4.13e+01, 1.97e-01, 1.73e+06]    []  
87000     [4.23e+01, 1.87e-01, 1.73e+06]    [4.23e+01, 1.87e-01, 1.73e+06]    []  
88000     [7.99e+01, 1.84e-01, 1.73e+06]    [7.99e+01, 1.84e-01, 1.73e+06]    []  
89000     [4.31e+01, 8.72e-02, 1.73e+06]    [4.31e+01, 8.72e-02, 1.73e+06]    []  
90000     [3.16e+03, 1.13e+03, 1.73e+06]    [3.16e+03, 1.13e+03, 1.73e+06]    []  
91000     [9.74e+01, 6.67e+00, 1.73e+06]    [9.74e+01, 6.67e+00, 1.73e+06]    []  
92000     [1.46e+02, 6.60e-01, 1.73e+06]    [1.46e+02, 6.60e-01, 1.73e+06]    []  
93000     [4.72e+01, 1.20e+00, 1.73e+06]    [4.72e+01, 1.20e+00, 1.73e+06]    []  
94000     [7.64e+01, 8.51e-01, 1.73e+06]    [7.64e+01, 8.51e-01, 1.73e+06]    []  
95000     [4.17e+01, 5.70e-01, 1.73e+06]    [4.17e+01, 5.70e-01, 1.73e+06]    []  

Best model at step 70000:
  train loss: 1.73e+06
  test loss: 1.73e+06
  test metric: []

'train' took 113875.598385 s

Compiling model...
'compile' took 0.148081 s

Training model...

Step      Train loss                        Test loss                         Test metric
95000     [2.58e-01, 1.19e-02, 3.47e+03]    [2.58e-01, 1.19e-02, 3.47e+03]    []  
95018     [2.58e-01, 1.19e-02, 3.47e+03]    [2.58e-01, 1.19e-02, 3.47e+03]    []  

Best model at step 95000:
  train loss: 3.47e+03
  test loss: 3.47e+03
  test metric: []

'train' took 22.220094 s

2008-12-17 00:00:00
Synoptic map saved to results/q_TQ+LQ/24_map.png
